<?xml version="1.0" encoding="UTF-8"?>
<coverage generated="1749461117950" clover="3.2.0">
  <project timestamp="1749461117950" name="All files">
    <metrics statements="7" coveredstatements="7" conditionals="0" coveredconditionals="0" methods="4" coveredmethods="4" elements="11" coveredelements="11" complexity="0" loc="7" ncloc="7" packages="1" files="3" classes="3"/>
    <file name="Card.jsx" path="/Users/saizayarhein/Desktop/Robot-Friends/src/components/Card.jsx">
      <metrics statements="2" coveredstatements="2" conditionals="0" coveredconditionals="0" methods="1" coveredmethods="1"/>
      <line num="3" count="2" type="stmt"/>
      <line num="4" count="3" type="stmt"/>
    </file>
    <file name="CardList.jsx" path="/Users/saizayarhein/Desktop/Robot-Friends/src/components/CardList.jsx">
      <metrics statements="3" coveredstatements="3" conditionals="0" coveredconditionals="0" methods="2" coveredmethods="2"/>
      <line num="4" count="1" type="stmt"/>
      <line num="5" count="1" type="stmt"/>
      <line num="6" count="2" type="stmt"/>
    </file>
    <file name="Hello.jsx" path="/Users/saizayarhein/Desktop/Robot-Friends/src/components/Hello.jsx">
      <metrics statements="2" coveredstatements="2" conditionals="0" coveredconditionals="0" methods="1" coveredmethods="1"/>
      <line num="1" count="1" type="stmt"/>
      <line num="2" count="1" type="stmt"/>
    </file>
  </project>
</coverage>
