{"/Users/saizayarhein/Desktop/Robot-Friends/src/containers/App.jsx": {"path":"/Users/saizayarhein/Desktop/Robot-Friends/src/containers/App.jsx","statementMap":{"0":{"start":{"line":8,"column":17},"end":{"line":8,"column":61}},"1":{"start":{"line":8,"column":28},"end":{"line":8,"column":60}},"2":{"start":{"line":11,"column":40},"end":{"line":11,"column":52}},"3":{"start":{"line":13,"column":24},"end":{"line":15,"column":3}},"4":{"start":{"line":14,"column":14},"end":{"line":14,"column":59}},"5":{"start":{"line":17,"column":32},"end":{"line":17,"column":43}},"6":{"start":{"line":19,"column":2},"end":{"line":34,"column":4}},"7":{"start":{"line":23,"column":31},"end":{"line":23,"column":55}},"8":{"start":{"line":23,"column":49},"end":{"line":23,"column":54}}},"fnMap":{"0":{"name":"(anonymous_0)","decl":{"start":{"line":8,"column":22},"end":{"line":8,"column":23}},"loc":{"start":{"line":8,"column":28},"end":{"line":8,"column":60}},"line":8},"1":{"name":"App","decl":{"start":{"line":10,"column":9},"end":{"line":10,"column":12}},"loc":{"start":{"line":10,"column":15},"end":{"line":35,"column":1}},"line":10},"2":{"name":"(anonymous_2)","decl":{"start":{"line":14,"column":4},"end":{"line":14,"column":5}},"loc":{"start":{"line":14,"column":14},"end":{"line":14,"column":59}},"line":14},"3":{"name":"(anonymous_3)","decl":{"start":{"line":23,"column":25},"end":{"line":23,"column":26}},"loc":{"start":{"line":23,"column":31},"end":{"line":23,"column":55}},"line":23},"4":{"name":"(anonymous_4)","decl":{"start":{"line":23,"column":42},"end":{"line":23,"column":43}},"loc":{"start":{"line":23,"column":49},"end":{"line":23,"column":54}},"line":23}},"branchMap":{},"s":{"0":1,"1":1,"2":2,"3":2,"4":20,"5":2,"6":2,"7":1,"8":1},"f":{"0":1,"1":2,"2":20,"3":1,"4":1},"b":{},"_coverageSchema":"1a1c01bbd47fc00a2c39e90264f33305004495a9","hash":"4ab4e5398e991f6fff06a59695746be658c43083"}
}
