{"/Users/saizayarhein/Desktop/Robot-Friends/src/components/CounterButton.jsx": {"path":"/Users/saizayarhein/Desktop/Robot-Friends/src/components/CounterButton.jsx","statementMap":{"0":{"start":{"line":3,"column":22},"end":{"line":10,"column":1}},"1":{"start":{"line":4,"column":32},"end":{"line":4,"column":43}},"2":{"start":{"line":5,"column":2},"end":{"line":9,"column":4}},"3":{"start":{"line":6,"column":27},"end":{"line":6,"column":51}},"4":{"start":{"line":6,"column":45},"end":{"line":6,"column":50}}},"fnMap":{"0":{"name":"(anonymous_0)","decl":{"start":{"line":3,"column":22},"end":{"line":3,"column":23}},"loc":{"start":{"line":3,"column":28},"end":{"line":10,"column":1}},"line":3},"1":{"name":"(anonymous_1)","decl":{"start":{"line":6,"column":21},"end":{"line":6,"column":22}},"loc":{"start":{"line":6,"column":27},"end":{"line":6,"column":51}},"line":6},"2":{"name":"(anonymous_2)","decl":{"start":{"line":6,"column":38},"end":{"line":6,"column":39}},"loc":{"start":{"line":6,"column":45},"end":{"line":6,"column":50}},"line":6}},"branchMap":{},"s":{"0":2,"1":4,"2":4,"3":2,"4":2},"f":{"0":4,"1":2,"2":2},"b":{},"_coverageSchema":"1a1c01bbd47fc00a2c39e90264f33305004495a9","hash":"7e7d58b85c71affd401499b1383cec72d915fbea"}
,"/Users/saizayarhein/Desktop/Robot-Friends/src/containers/App.jsx": {"path":"/Users/saizayarhein/Desktop/Robot-Friends/src/containers/App.jsx","statementMap":{"0":{"start":{"line":9,"column":17},"end":{"line":9,"column":61}},"1":{"start":{"line":9,"column":28},"end":{"line":9,"column":60}},"2":{"start":{"line":12,"column":40},"end":{"line":12,"column":52}},"3":{"start":{"line":14,"column":24},"end":{"line":14,"column":59}},"4":{"start":{"line":16,"column":2},"end":{"line":31,"column":4}}},"fnMap":{"0":{"name":"(anonymous_0)","decl":{"start":{"line":9,"column":22},"end":{"line":9,"column":23}},"loc":{"start":{"line":9,"column":28},"end":{"line":9,"column":60}},"line":9},"1":{"name":"App","decl":{"start":{"line":11,"column":9},"end":{"line":11,"column":12}},"loc":{"start":{"line":11,"column":15},"end":{"line":32,"column":1}},"line":11}},"branchMap":{},"s":{"0":1,"1":1,"2":1,"3":1,"4":1},"f":{"0":1,"1":1},"b":{},"_coverageSchema":"1a1c01bbd47fc00a2c39e90264f33305004495a9","hash":"a9fbd69f5343e235d6877d8f64146addf1bcbf6f"}
,"/Users/saizayarhein/Desktop/Robot-Friends/src/utils/filteredRobots.js": {"path":"/Users/saizayarhein/Desktop/Robot-Friends/src/utils/filteredRobots.js","statementMap":{"0":{"start":{"line":1,"column":30},"end":{"line":5,"column":1}},"1":{"start":{"line":2,"column":2},"end":{"line":4,"column":4}},"2":{"start":{"line":3,"column":14},"end":{"line":3,"column":59}}},"fnMap":{"0":{"name":"(anonymous_0)","decl":{"start":{"line":1,"column":30},"end":{"line":1,"column":31}},"loc":{"start":{"line":1,"column":55},"end":{"line":5,"column":1}},"line":1},"1":{"name":"(anonymous_1)","decl":{"start":{"line":3,"column":4},"end":{"line":3,"column":5}},"loc":{"start":{"line":3,"column":14},"end":{"line":3,"column":59}},"line":3}},"branchMap":{},"s":{"0":1,"1":3,"2":23},"f":{"0":3,"1":23},"b":{},"_coverageSchema":"1a1c01bbd47fc00a2c39e90264f33305004495a9","hash":"5e8a1c87cd5f80f083c61927993a467a0ee970ea"}
}
