TN:
SF:src/robots.ts
FNF:0
FNH:0
DA:3,1
LF:1
LH:1
BRF:0
BRH:0
end_of_record
TN:
SF:src/components/Card.tsx
FN:9,(anonymous_0)
FNF:1
FNH:1
FNDA:20,(anonymous_0)
DA:9,3
DA:10,20
LF:2
LH:2
BRF:0
BRH:0
end_of_record
TN:
SF:src/components/CardList.tsx
FN:9,(anonymous_0)
FN:10,(anonymous_1)
FNF:2
FNH:2
FNDA:4,(anonymous_0)
FNDA:19,(anonymous_1)
DA:9,2
DA:10,4
DA:11,19
LF:3
LH:3
BRF:0
BRH:0
end_of_record
TN:
SF:src/components/CounterButton.tsx
FN:3,(anonymous_0)
FN:6,(anonymous_1)
FN:6,(anonymous_2)
FNF:3
FNH:3
FNDA:3,(anonymous_0)
FNDA:2,(anonymous_1)
FNDA:2,(anonymous_2)
DA:3,1
DA:4,3
DA:5,3
DA:6,2
LF:4
LH:4
BRF:0
BRH:0
end_of_record
TN:
SF:src/components/Hello.tsx
FN:3,(anonymous_0)
FNF:1
FNH:1
FNDA:1,(anonymous_0)
DA:3,1
DA:4,1
LF:2
LH:2
BRF:0
BRH:0
end_of_record
TN:
SF:src/components/Scroll.tsx
FN:7,(anonymous_0)
FNF:1
FNH:1
FNDA:1,(anonymous_0)
DA:7,1
DA:8,1
LF:2
LH:2
BRF:0
BRH:0
end_of_record
TN:
SF:src/components/SearchBox.tsx
FN:4,(anonymous_0)
FN:11,(anonymous_1)
FNF:2
FNH:2
FNDA:2,(anonymous_0)
FNDA:1,(anonymous_1)
DA:4,2
DA:5,2
DA:12,1
LF:3
LH:3
BRF:0
BRH:0
end_of_record
TN:
SF:src/containers/App.tsx
FN:10,(anonymous_0)
FN:12,App
FNF:2
FNH:2
FNDA:1,(anonymous_0)
FNDA:1,App
DA:10,1
DA:13,1
DA:15,1
DA:17,1
LF:4
LH:4
BRF:0
BRH:0
end_of_record
TN:
SF:src/utils/filteredRobots.ts
FN:3,(anonymous_0)
FN:8,(anonymous_1)
FNF:2
FNH:2
FNDA:3,(anonymous_0)
FNDA:23,(anonymous_1)
DA:3,1
DA:7,3
DA:8,23
LF:3
LH:3
BRF:0
BRH:0
end_of_record
