TN:
SF:src/components/CounterButton.jsx
FN:3,(anonymous_0)
FN:6,(anonymous_1)
FN:6,(anonymous_2)
FNF:3
FNH:3
FNDA:4,(anonymous_0)
FNDA:2,(anonymous_1)
FNDA:2,(anonymous_2)
DA:3,2
DA:4,4
DA:5,4
DA:6,2
LF:4
LH:4
BRF:0
BRH:0
end_of_record
TN:
SF:src/containers/App.jsx
FN:9,(anonymous_0)
FN:11,App
FNF:2
FNH:2
FNDA:1,(anonymous_0)
FNDA:1,App
DA:9,1
DA:12,1
DA:14,1
DA:16,1
LF:4
LH:4
BRF:0
BRH:0
end_of_record
TN:
SF:src/utils/filteredRobots.js
FN:1,(anonymous_0)
FN:3,(anonymous_1)
FNF:2
FNH:2
FNDA:1,(anonymous_0)
FNDA:10,(anonymous_1)
DA:1,1
DA:2,1
DA:3,10
LF:3
LH:3
BRF:0
BRH:0
end_of_record
